2024-11-24T00:02:59.915-05:00  INFO 4256 --- [SysRegistroPolleria] [JavaFX-Launcher] o.s.boot.SpringApplication               : Starting application using Java 18.0.1.1 with PID 4256 (started by PC in D:\gihud\Trabajo\SysRegistroPolleria)
2024-11-24T00:02:59.963-05:00  INFO 4256 --- [SysRegistroPolleria] [JavaFX-Launcher] o.s.boot.SpringApplication               : No active profile set, falling back to 1 default profile: "default"
2024-11-24T00:03:02.594-05:00  INFO 4256 --- [SysRegistroPolleria] [JavaFX-Launcher] .s.d.r.c.RepositoryConfigurationDelegate : Bootstrapping Spring Data JPA repositories in DEFAULT mode.
2024-11-24T00:03:02.974-05:00  INFO 4256 --- [SysRegistroPolleria] [JavaFX-Launcher] .s.d.r.c.RepositoryConfigurationDelegate : Finished Spring Data repository scanning in 353 ms. Found 15 JPA repository interfaces.
2024-11-24T00:03:04.526-05:00  INFO 4256 --- [SysRegistroPolleria] [JavaFX-Launcher] o.hibernate.jpa.internal.util.LogHelper  : HHH000204: Processing PersistenceUnitInfo [name: default]
2024-11-24T00:03:04.710-05:00  INFO 4256 --- [SysRegistroPolleria] [JavaFX-Launcher] org.hibernate.Version                    : HHH000412: Hibernate ORM core version 6.5.3.Final
2024-11-24T00:03:04.801-05:00  INFO 4256 --- [SysRegistroPolleria] [JavaFX-Launcher] o.h.c.internal.RegionFactoryInitiator    : HHH000026: Second-level cache disabled
2024-11-24T00:03:05.884-05:00  INFO 4256 --- [SysRegistroPolleria] [JavaFX-Launcher] o.s.o.j.p.SpringPersistenceUnitInfo      : No LoadTimeWeaver setup: ignoring JPA class transformer
2024-11-24T00:03:05.953-05:00  INFO 4256 --- [SysRegistroPolleria] [JavaFX-Launcher] com.zaxxer.hikari.HikariDataSource       : HikariPool-1 - Starting...
2024-11-24T00:03:06.250-05:00  INFO 4256 --- [SysRegistroPolleria] [JavaFX-Launcher] com.zaxxer.hikari.pool.HikariPool        : HikariPool-1 - Added connection org.sqlite.jdbc4.JDBC4Connection@61cc67ec
2024-11-24T00:03:06.254-05:00  INFO 4256 --- [SysRegistroPolleria] [JavaFX-Launcher] com.zaxxer.hikari.HikariDataSource       : HikariPool-1 - Start completed.
2024-11-24T00:03:10.321-05:00  INFO 4256 --- [SysRegistroPolleria] [JavaFX-Launcher] o.h.e.t.j.p.i.JtaPlatformInitiator       : HHH000489: No JTA platform available (set 'hibernate.transaction.jta.platform' to enable JTA platform integration)
2024-11-24T00:03:10.436-05:00  INFO 4256 --- [SysRegistroPolleria] [JavaFX-Launcher] j.LocalContainerEntityManagerFactoryBean : Initialized JPA EntityManagerFactory for persistence unit 'default'
2024-11-24T00:03:11.754-05:00  INFO 4256 --- [SysRegistroPolleria] [JavaFX-Launcher] o.s.d.j.r.query.QueryEnhancerFactory     : Hibernate is in classpath; If applicable, HQL parser will be used.
2024-11-24T00:03:14.035-05:00  INFO 4256 --- [SysRegistroPolleria] [JavaFX-Launcher] o.s.boot.SpringApplication               : Started application in 16.381 seconds (process running for 18.622)
2024-11-24T00:31:50.586-05:00  INFO 4256 --- [SysRegistroPolleria] [JavaFX Application Thread] j.LocalContainerEntityManagerFactoryBean : Closing JPA EntityManagerFactory for persistence unit 'default'
2024-11-24T00:31:50.608-05:00  INFO 4256 --- [SysRegistroPolleria] [JavaFX Application Thread] com.zaxxer.hikari.HikariDataSource       : HikariPool-1 - Shutdown initiated...
2024-11-24T00:31:50.647-05:00  INFO 4256 --- [SysRegistroPolleria] [JavaFX Application Thread] com.zaxxer.hikari.HikariDataSource       : HikariPool-1 - Shutdown completed.
2024-11-24T00:34:52.530-05:00  INFO 2272 --- [SysRegistroPolleria] [JavaFX-Launcher] o.s.boot.SpringApplication               : Starting application using Java 18.0.1.1 with PID 2272 (started by PC in D:\gihud\Trabajo\SysRegistroPolleria)
2024-11-24T00:34:52.543-05:00  INFO 2272 --- [SysRegistroPolleria] [JavaFX-Launcher] o.s.boot.SpringApplication               : No active profile set, falling back to 1 default profile: "default"
2024-11-24T00:34:55.255-05:00  INFO 2272 --- [SysRegistroPolleria] [JavaFX-Launcher] .s.d.r.c.RepositoryConfigurationDelegate : Bootstrapping Spring Data JPA repositories in DEFAULT mode.
2024-11-24T00:34:55.592-05:00  INFO 2272 --- [SysRegistroPolleria] [JavaFX-Launcher] .s.d.r.c.RepositoryConfigurationDelegate : Finished Spring Data repository scanning in 313 ms. Found 15 JPA repository interfaces.
2024-11-24T00:34:57.525-05:00  INFO 2272 --- [SysRegistroPolleria] [JavaFX-Launcher] o.hibernate.jpa.internal.util.LogHelper  : HHH000204: Processing PersistenceUnitInfo [name: default]
2024-11-24T00:34:57.868-05:00  INFO 2272 --- [SysRegistroPolleria] [JavaFX-Launcher] org.hibernate.Version                    : HHH000412: Hibernate ORM core version 6.5.3.Final
2024-11-24T00:34:57.958-05:00  INFO 2272 --- [SysRegistroPolleria] [JavaFX-Launcher] o.h.c.internal.RegionFactoryInitiator    : HHH000026: Second-level cache disabled
2024-11-24T00:34:59.209-05:00  INFO 2272 --- [SysRegistroPolleria] [JavaFX-Launcher] o.s.o.j.p.SpringPersistenceUnitInfo      : No LoadTimeWeaver setup: ignoring JPA class transformer
2024-11-24T00:34:59.349-05:00  INFO 2272 --- [SysRegistroPolleria] [JavaFX-Launcher] com.zaxxer.hikari.HikariDataSource       : HikariPool-1 - Starting...
2024-11-24T00:34:59.639-05:00  INFO 2272 --- [SysRegistroPolleria] [JavaFX-Launcher] com.zaxxer.hikari.pool.HikariPool        : HikariPool-1 - Added connection org.sqlite.jdbc4.JDBC4Connection@9ba70e1
2024-11-24T00:34:59.642-05:00  INFO 2272 --- [SysRegistroPolleria] [JavaFX-Launcher] com.zaxxer.hikari.HikariDataSource       : HikariPool-1 - Start completed.
2024-11-24T00:35:05.452-05:00  INFO 2272 --- [SysRegistroPolleria] [JavaFX-Launcher] o.h.e.t.j.p.i.JtaPlatformInitiator       : HHH000489: No JTA platform available (set 'hibernate.transaction.jta.platform' to enable JTA platform integration)
2024-11-24T00:35:05.587-05:00  INFO 2272 --- [SysRegistroPolleria] [JavaFX-Launcher] j.LocalContainerEntityManagerFactoryBean : Initialized JPA EntityManagerFactory for persistence unit 'default'
2024-11-24T00:35:06.893-05:00  INFO 2272 --- [SysRegistroPolleria] [JavaFX-Launcher] o.s.d.j.r.query.QueryEnhancerFactory     : Hibernate is in classpath; If applicable, HQL parser will be used.
2024-11-24T00:35:09.074-05:00  INFO 2272 --- [SysRegistroPolleria] [JavaFX-Launcher] o.s.boot.SpringApplication               : Started application in 19.186 seconds (process running for 22.306)
2024-11-24T01:01:23.486-05:00  INFO 10292 --- [SysRegistroPolleria] [JavaFX-Launcher] o.s.boot.SpringApplication               : Starting application using Java 18.0.1.1 with PID 10292 (started by PC in D:\gihud\Trabajo\SysRegistroPolleria)
2024-11-24T01:01:23.493-05:00  INFO 10292 --- [SysRegistroPolleria] [JavaFX-Launcher] o.s.boot.SpringApplication               : No active profile set, falling back to 1 default profile: "default"
2024-11-24T01:01:27.332-05:00  INFO 10292 --- [SysRegistroPolleria] [JavaFX-Launcher] .s.d.r.c.RepositoryConfigurationDelegate : Bootstrapping Spring Data JPA repositories in DEFAULT mode.
2024-11-24T01:01:27.623-05:00  INFO 10292 --- [SysRegistroPolleria] [JavaFX-Launcher] .s.d.r.c.RepositoryConfigurationDelegate : Finished Spring Data repository scanning in 268 ms. Found 15 JPA repository interfaces.
2024-11-24T01:01:29.258-05:00  INFO 10292 --- [SysRegistroPolleria] [JavaFX-Launcher] o.hibernate.jpa.internal.util.LogHelper  : HHH000204: Processing PersistenceUnitInfo [name: default]
2024-11-24T01:01:29.407-05:00  INFO 10292 --- [SysRegistroPolleria] [JavaFX-Launcher] org.hibernate.Version                    : HHH000412: Hibernate ORM core version 6.5.3.Final
2024-11-24T01:01:29.560-05:00  INFO 10292 --- [SysRegistroPolleria] [JavaFX-Launcher] o.h.c.internal.RegionFactoryInitiator    : HHH000026: Second-level cache disabled
2024-11-24T01:01:30.559-05:00  INFO 10292 --- [SysRegistroPolleria] [JavaFX-Launcher] o.s.o.j.p.SpringPersistenceUnitInfo      : No LoadTimeWeaver setup: ignoring JPA class transformer
2024-11-24T01:01:30.632-05:00  INFO 10292 --- [SysRegistroPolleria] [JavaFX-Launcher] com.zaxxer.hikari.HikariDataSource       : HikariPool-1 - Starting...
2024-11-24T01:01:31.049-05:00  INFO 10292 --- [SysRegistroPolleria] [JavaFX-Launcher] com.zaxxer.hikari.pool.HikariPool        : HikariPool-1 - Added connection org.sqlite.jdbc4.JDBC4Connection@55f124fb
2024-11-24T01:01:31.052-05:00  INFO 10292 --- [SysRegistroPolleria] [JavaFX-Launcher] com.zaxxer.hikari.HikariDataSource       : HikariPool-1 - Start completed.
2024-11-24T01:01:35.570-05:00  INFO 10292 --- [SysRegistroPolleria] [JavaFX-Launcher] o.h.e.t.j.p.i.JtaPlatformInitiator       : HHH000489: No JTA platform available (set 'hibernate.transaction.jta.platform' to enable JTA platform integration)
2024-11-24T01:01:35.727-05:00  INFO 10292 --- [SysRegistroPolleria] [JavaFX-Launcher] j.LocalContainerEntityManagerFactoryBean : Initialized JPA EntityManagerFactory for persistence unit 'default'
2024-11-24T01:01:36.736-05:00  INFO 10292 --- [SysRegistroPolleria] [JavaFX-Launcher] o.s.d.j.r.query.QueryEnhancerFactory     : Hibernate is in classpath; If applicable, HQL parser will be used.
2024-11-24T01:01:38.336-05:00  INFO 10292 --- [SysRegistroPolleria] [JavaFX-Launcher] o.s.boot.SpringApplication               : Started application in 18.258 seconds (process running for 21.01)
2024-11-24T01:09:42.557-05:00  INFO 10292 --- [SysRegistroPolleria] [SpringApplicationShutdownHook] j.LocalContainerEntityManagerFactoryBean : Closing JPA EntityManagerFactory for persistence unit 'default'
2024-11-24T01:09:42.561-05:00  INFO 10292 --- [SysRegistroPolleria] [SpringApplicationShutdownHook] com.zaxxer.hikari.HikariDataSource       : HikariPool-1 - Shutdown initiated...
2024-11-24T01:09:42.569-05:00  INFO 10292 --- [SysRegistroPolleria] [SpringApplicationShutdownHook] com.zaxxer.hikari.HikariDataSource       : HikariPool-1 - Shutdown completed.
2024-11-24T01:09:58.939-05:00  INFO 13008 --- [SysRegistroPolleria] [JavaFX-Launcher] o.s.boot.SpringApplication               : Starting application using Java 18.0.1.1 with PID 13008 (started by PC in D:\gihud\Trabajo\SysRegistroPolleria)
2024-11-24T01:09:58.949-05:00  INFO 13008 --- [SysRegistroPolleria] [JavaFX-Launcher] o.s.boot.SpringApplication               : No active profile set, falling back to 1 default profile: "default"
2024-11-24T01:10:01.219-05:00  INFO 13008 --- [SysRegistroPolleria] [JavaFX-Launcher] .s.d.r.c.RepositoryConfigurationDelegate : Bootstrapping Spring Data JPA repositories in DEFAULT mode.
2024-11-24T01:10:01.556-05:00  INFO 13008 --- [SysRegistroPolleria] [JavaFX-Launcher] .s.d.r.c.RepositoryConfigurationDelegate : Finished Spring Data repository scanning in 324 ms. Found 15 JPA repository interfaces.
2024-11-24T01:10:02.777-05:00  INFO 13008 --- [SysRegistroPolleria] [JavaFX-Launcher] o.hibernate.jpa.internal.util.LogHelper  : HHH000204: Processing PersistenceUnitInfo [name: default]
2024-11-24T01:10:03.045-05:00  INFO 13008 --- [SysRegistroPolleria] [JavaFX-Launcher] org.hibernate.Version                    : HHH000412: Hibernate ORM core version 6.5.3.Final
2024-11-24T01:10:03.116-05:00  INFO 13008 --- [SysRegistroPolleria] [JavaFX-Launcher] o.h.c.internal.RegionFactoryInitiator    : HHH000026: Second-level cache disabled
2024-11-24T01:10:03.753-05:00  INFO 13008 --- [SysRegistroPolleria] [JavaFX-Launcher] o.s.o.j.p.SpringPersistenceUnitInfo      : No LoadTimeWeaver setup: ignoring JPA class transformer
2024-11-24T01:10:03.816-05:00  INFO 13008 --- [SysRegistroPolleria] [JavaFX-Launcher] com.zaxxer.hikari.HikariDataSource       : HikariPool-1 - Starting...
2024-11-24T01:10:04.098-05:00  INFO 13008 --- [SysRegistroPolleria] [JavaFX-Launcher] com.zaxxer.hikari.pool.HikariPool        : HikariPool-1 - Added connection org.sqlite.jdbc4.JDBC4Connection@1f05b8ec
2024-11-24T01:10:04.103-05:00  INFO 13008 --- [SysRegistroPolleria] [JavaFX-Launcher] com.zaxxer.hikari.HikariDataSource       : HikariPool-1 - Start completed.
2024-11-24T01:10:07.412-05:00  INFO 13008 --- [SysRegistroPolleria] [JavaFX-Launcher] o.h.e.t.j.p.i.JtaPlatformInitiator       : HHH000489: No JTA platform available (set 'hibernate.transaction.jta.platform' to enable JTA platform integration)
2024-11-24T01:10:07.511-05:00  INFO 13008 --- [SysRegistroPolleria] [JavaFX-Launcher] j.LocalContainerEntityManagerFactoryBean : Initialized JPA EntityManagerFactory for persistence unit 'default'
2024-11-24T01:10:08.280-05:00  INFO 13008 --- [SysRegistroPolleria] [JavaFX-Launcher] o.s.d.j.r.query.QueryEnhancerFactory     : Hibernate is in classpath; If applicable, HQL parser will be used.
2024-11-24T01:10:09.541-05:00  INFO 13008 --- [SysRegistroPolleria] [JavaFX-Launcher] o.s.boot.SpringApplication               : Started application in 13.096 seconds (process running for 16.075)
2024-11-24T01:12:51.898-05:00  INFO 13008 --- [SysRegistroPolleria] [JavaFX Application Thread] j.LocalContainerEntityManagerFactoryBean : Closing JPA EntityManagerFactory for persistence unit 'default'
2024-11-24T01:12:51.904-05:00  INFO 13008 --- [SysRegistroPolleria] [JavaFX Application Thread] com.zaxxer.hikari.HikariDataSource       : HikariPool-1 - Shutdown initiated...
2024-11-24T01:12:51.952-05:00  INFO 13008 --- [SysRegistroPolleria] [JavaFX Application Thread] com.zaxxer.hikari.HikariDataSource       : HikariPool-1 - Shutdown completed.
2024-11-24T01:18:00.234-05:00  INFO 9512 --- [SysRegistroPolleria] [JavaFX-Launcher] o.s.boot.SpringApplication               : Starting application using Java 18.0.1.1 with PID 9512 (started by PC in D:\gihud\Trabajo\SysRegistroPolleria)
2024-11-24T01:18:00.239-05:00  INFO 9512 --- [SysRegistroPolleria] [JavaFX-Launcher] o.s.boot.SpringApplication               : No active profile set, falling back to 1 default profile: "default"
2024-11-24T01:18:02.255-05:00  INFO 9512 --- [SysRegistroPolleria] [JavaFX-Launcher] .s.d.r.c.RepositoryConfigurationDelegate : Bootstrapping Spring Data JPA repositories in DEFAULT mode.
2024-11-24T01:18:02.489-05:00  INFO 9512 --- [SysRegistroPolleria] [JavaFX-Launcher] .s.d.r.c.RepositoryConfigurationDelegate : Finished Spring Data repository scanning in 219 ms. Found 15 JPA repository interfaces.
2024-11-24T01:18:03.606-05:00  INFO 9512 --- [SysRegistroPolleria] [JavaFX-Launcher] o.hibernate.jpa.internal.util.LogHelper  : HHH000204: Processing PersistenceUnitInfo [name: default]
2024-11-24T01:18:03.780-05:00  INFO 9512 --- [SysRegistroPolleria] [JavaFX-Launcher] org.hibernate.Version                    : HHH000412: Hibernate ORM core version 6.5.3.Final
2024-11-24T01:18:03.871-05:00  INFO 9512 --- [SysRegistroPolleria] [JavaFX-Launcher] o.h.c.internal.RegionFactoryInitiator    : HHH000026: Second-level cache disabled
2024-11-24T01:18:04.478-05:00  INFO 9512 --- [SysRegistroPolleria] [JavaFX-Launcher] o.s.o.j.p.SpringPersistenceUnitInfo      : No LoadTimeWeaver setup: ignoring JPA class transformer
2024-11-24T01:18:04.562-05:00  INFO 9512 --- [SysRegistroPolleria] [JavaFX-Launcher] com.zaxxer.hikari.HikariDataSource       : HikariPool-1 - Starting...
2024-11-24T01:18:04.815-05:00  INFO 9512 --- [SysRegistroPolleria] [JavaFX-Launcher] com.zaxxer.hikari.pool.HikariPool        : HikariPool-1 - Added connection org.sqlite.jdbc4.JDBC4Connection@549ac8e4
2024-11-24T01:18:04.818-05:00  INFO 9512 --- [SysRegistroPolleria] [JavaFX-Launcher] com.zaxxer.hikari.HikariDataSource       : HikariPool-1 - Start completed.
2024-11-24T01:18:08.304-05:00  INFO 9512 --- [SysRegistroPolleria] [JavaFX-Launcher] o.h.e.t.j.p.i.JtaPlatformInitiator       : HHH000489: No JTA platform available (set 'hibernate.transaction.jta.platform' to enable JTA platform integration)
2024-11-24T01:18:08.404-05:00  INFO 9512 --- [SysRegistroPolleria] [JavaFX-Launcher] j.LocalContainerEntityManagerFactoryBean : Initialized JPA EntityManagerFactory for persistence unit 'default'
2024-11-24T01:18:09.172-05:00  INFO 9512 --- [SysRegistroPolleria] [JavaFX-Launcher] o.s.d.j.r.query.QueryEnhancerFactory     : Hibernate is in classpath; If applicable, HQL parser will be used.
2024-11-24T01:18:10.652-05:00  INFO 9512 --- [SysRegistroPolleria] [JavaFX-Launcher] o.s.boot.SpringApplication               : Started application in 12.672 seconds (process running for 15.051)
2024-11-24T01:19:50.871-05:00  INFO 9512 --- [SysRegistroPolleria] [SpringApplicationShutdownHook] j.LocalContainerEntityManagerFactoryBean : Closing JPA EntityManagerFactory for persistence unit 'default'
2024-11-24T01:19:50.876-05:00  INFO 9512 --- [SysRegistroPolleria] [SpringApplicationShutdownHook] com.zaxxer.hikari.HikariDataSource       : HikariPool-1 - Shutdown initiated...
2024-11-24T01:19:50.895-05:00  INFO 9512 --- [SysRegistroPolleria] [SpringApplicationShutdownHook] com.zaxxer.hikari.HikariDataSource       : HikariPool-1 - Shutdown completed.
2024-11-24T01:19:59.914-05:00  INFO 15368 --- [SysRegistroPolleria] [JavaFX-Launcher] o.s.boot.SpringApplication               : Starting application using Java 18.0.1.1 with PID 15368 (started by PC in D:\gihud\Trabajo\SysRegistroPolleria)
2024-11-24T01:19:59.917-05:00  INFO 15368 --- [SysRegistroPolleria] [JavaFX-Launcher] o.s.boot.SpringApplication               : No active profile set, falling back to 1 default profile: "default"
2024-11-24T01:20:01.280-05:00  INFO 15368 --- [SysRegistroPolleria] [JavaFX-Launcher] .s.d.r.c.RepositoryConfigurationDelegate : Bootstrapping Spring Data JPA repositories in DEFAULT mode.
2024-11-24T01:20:01.443-05:00  INFO 15368 --- [SysRegistroPolleria] [JavaFX-Launcher] .s.d.r.c.RepositoryConfigurationDelegate : Finished Spring Data repository scanning in 150 ms. Found 15 JPA repository interfaces.
2024-11-24T01:20:02.176-05:00  INFO 15368 --- [SysRegistroPolleria] [JavaFX-Launcher] o.hibernate.jpa.internal.util.LogHelper  : HHH000204: Processing PersistenceUnitInfo [name: default]
2024-11-24T01:20:02.277-05:00  INFO 15368 --- [SysRegistroPolleria] [JavaFX-Launcher] org.hibernate.Version                    : HHH000412: Hibernate ORM core version 6.5.3.Final
2024-11-24T01:20:02.328-05:00  INFO 15368 --- [SysRegistroPolleria] [JavaFX-Launcher] o.h.c.internal.RegionFactoryInitiator    : HHH000026: Second-level cache disabled
2024-11-24T01:20:03.057-05:00  INFO 15368 --- [SysRegistroPolleria] [JavaFX-Launcher] o.s.o.j.p.SpringPersistenceUnitInfo      : No LoadTimeWeaver setup: ignoring JPA class transformer
2024-11-24T01:20:03.114-05:00  INFO 15368 --- [SysRegistroPolleria] [JavaFX-Launcher] com.zaxxer.hikari.HikariDataSource       : HikariPool-1 - Starting...
2024-11-24T01:20:03.368-05:00  INFO 15368 --- [SysRegistroPolleria] [JavaFX-Launcher] com.zaxxer.hikari.pool.HikariPool        : HikariPool-1 - Added connection org.sqlite.jdbc4.JDBC4Connection@67347b32
2024-11-24T01:20:03.372-05:00  INFO 15368 --- [SysRegistroPolleria] [JavaFX-Launcher] com.zaxxer.hikari.HikariDataSource       : HikariPool-1 - Start completed.
2024-11-24T01:20:06.923-05:00  INFO 15368 --- [SysRegistroPolleria] [JavaFX-Launcher] o.h.e.t.j.p.i.JtaPlatformInitiator       : HHH000489: No JTA platform available (set 'hibernate.transaction.jta.platform' to enable JTA platform integration)
2024-11-24T01:20:07.020-05:00  INFO 15368 --- [SysRegistroPolleria] [JavaFX-Launcher] j.LocalContainerEntityManagerFactoryBean : Initialized JPA EntityManagerFactory for persistence unit 'default'
2024-11-24T01:20:07.594-05:00  INFO 15368 --- [SysRegistroPolleria] [JavaFX-Launcher] o.s.d.j.r.query.QueryEnhancerFactory     : Hibernate is in classpath; If applicable, HQL parser will be used.
2024-11-24T01:20:08.791-05:00  INFO 15368 --- [SysRegistroPolleria] [JavaFX-Launcher] o.s.boot.SpringApplication               : Started application in 10.203 seconds (process running for 12.14)
2024-11-24T01:30:28.450-05:00  INFO 15368 --- [SysRegistroPolleria] [SpringApplicationShutdownHook] j.LocalContainerEntityManagerFactoryBean : Closing JPA EntityManagerFactory for persistence unit 'default'
2024-11-24T01:30:28.454-05:00  INFO 15368 --- [SysRegistroPolleria] [SpringApplicationShutdownHook] com.zaxxer.hikari.HikariDataSource       : HikariPool-1 - Shutdown initiated...
2024-11-24T01:30:28.482-05:00  INFO 15368 --- [SysRegistroPolleria] [SpringApplicationShutdownHook] com.zaxxer.hikari.HikariDataSource       : HikariPool-1 - Shutdown completed.
2024-11-24T01:30:45.114-05:00  INFO 11304 --- [SysRegistroPolleria] [JavaFX-Launcher] o.s.boot.SpringApplication               : Starting application using Java 18.0.1.1 with PID 11304 (started by PC in D:\gihud\Trabajo\SysRegistroPolleria)
2024-11-24T01:30:45.118-05:00  INFO 11304 --- [SysRegistroPolleria] [JavaFX-Launcher] o.s.boot.SpringApplication               : No active profile set, falling back to 1 default profile: "default"
2024-11-24T01:30:47.419-05:00  INFO 11304 --- [SysRegistroPolleria] [JavaFX-Launcher] .s.d.r.c.RepositoryConfigurationDelegate : Bootstrapping Spring Data JPA repositories in DEFAULT mode.
2024-11-24T01:30:47.713-05:00  INFO 11304 --- [SysRegistroPolleria] [JavaFX-Launcher] .s.d.r.c.RepositoryConfigurationDelegate : Finished Spring Data repository scanning in 279 ms. Found 15 JPA repository interfaces.
2024-11-24T01:30:49.285-05:00  INFO 11304 --- [SysRegistroPolleria] [JavaFX-Launcher] o.hibernate.jpa.internal.util.LogHelper  : HHH000204: Processing PersistenceUnitInfo [name: default]
2024-11-24T01:30:49.580-05:00  INFO 11304 --- [SysRegistroPolleria] [JavaFX-Launcher] org.hibernate.Version                    : HHH000412: Hibernate ORM core version 6.5.3.Final
2024-11-24T01:30:49.727-05:00  INFO 11304 --- [SysRegistroPolleria] [JavaFX-Launcher] o.h.c.internal.RegionFactoryInitiator    : HHH000026: Second-level cache disabled
2024-11-24T01:30:50.877-05:00  INFO 11304 --- [SysRegistroPolleria] [JavaFX-Launcher] o.s.o.j.p.SpringPersistenceUnitInfo      : No LoadTimeWeaver setup: ignoring JPA class transformer
2024-11-24T01:30:50.982-05:00  INFO 11304 --- [SysRegistroPolleria] [JavaFX-Launcher] com.zaxxer.hikari.HikariDataSource       : HikariPool-1 - Starting...
2024-11-24T01:30:51.443-05:00  INFO 11304 --- [SysRegistroPolleria] [JavaFX-Launcher] com.zaxxer.hikari.pool.HikariPool        : HikariPool-1 - Added connection org.sqlite.jdbc4.JDBC4Connection@5ddcc04d
2024-11-24T01:30:51.448-05:00  INFO 11304 --- [SysRegistroPolleria] [JavaFX-Launcher] com.zaxxer.hikari.HikariDataSource       : HikariPool-1 - Start completed.
2024-11-24T01:30:56.536-05:00  INFO 11304 --- [SysRegistroPolleria] [JavaFX-Launcher] o.h.e.t.j.p.i.JtaPlatformInitiator       : HHH000489: No JTA platform available (set 'hibernate.transaction.jta.platform' to enable JTA platform integration)
2024-11-24T01:30:56.663-05:00  INFO 11304 --- [SysRegistroPolleria] [JavaFX-Launcher] j.LocalContainerEntityManagerFactoryBean : Initialized JPA EntityManagerFactory for persistence unit 'default'
2024-11-24T01:30:57.565-05:00  INFO 11304 --- [SysRegistroPolleria] [JavaFX-Launcher] o.s.d.j.r.query.QueryEnhancerFactory     : Hibernate is in classpath; If applicable, HQL parser will be used.
2024-11-24T01:30:59.463-05:00  INFO 11304 --- [SysRegistroPolleria] [JavaFX-Launcher] o.s.boot.SpringApplication               : Started application in 16.604 seconds (process running for 19.808)
2024-11-24T01:53:47.657-05:00  INFO 11304 --- [SysRegistroPolleria] [SpringApplicationShutdownHook] j.LocalContainerEntityManagerFactoryBean : Closing JPA EntityManagerFactory for persistence unit 'default'
2024-11-24T01:53:47.665-05:00  INFO 11304 --- [SysRegistroPolleria] [SpringApplicationShutdownHook] com.zaxxer.hikari.HikariDataSource       : HikariPool-1 - Shutdown initiated...
2024-11-24T01:53:47.683-05:00  INFO 11304 --- [SysRegistroPolleria] [SpringApplicationShutdownHook] com.zaxxer.hikari.HikariDataSource       : HikariPool-1 - Shutdown completed.
2024-11-24T01:54:19.957-05:00  INFO 9032 --- [SysRegistroPolleria] [JavaFX-Launcher] o.s.boot.SpringApplication               : Starting application using Java 18.0.1.1 with PID 9032 (started by PC in D:\gihud\Trabajo\SysRegistroPolleria)
2024-11-24T01:54:19.967-05:00  INFO 9032 --- [SysRegistroPolleria] [JavaFX-Launcher] o.s.boot.SpringApplication               : No active profile set, falling back to 1 default profile: "default"
2024-11-24T01:54:22.748-05:00  INFO 9032 --- [SysRegistroPolleria] [JavaFX-Launcher] .s.d.r.c.RepositoryConfigurationDelegate : Bootstrapping Spring Data JPA repositories in DEFAULT mode.
2024-11-24T01:54:23.064-05:00  INFO 9032 --- [SysRegistroPolleria] [JavaFX-Launcher] .s.d.r.c.RepositoryConfigurationDelegate : Finished Spring Data repository scanning in 296 ms. Found 15 JPA repository interfaces.
2024-11-24T01:54:24.657-05:00  INFO 9032 --- [SysRegistroPolleria] [JavaFX-Launcher] o.hibernate.jpa.internal.util.LogHelper  : HHH000204: Processing PersistenceUnitInfo [name: default]
2024-11-24T01:54:24.946-05:00  INFO 9032 --- [SysRegistroPolleria] [JavaFX-Launcher] org.hibernate.Version                    : HHH000412: Hibernate ORM core version 6.5.3.Final
2024-11-24T01:54:25.035-05:00  INFO 9032 --- [SysRegistroPolleria] [JavaFX-Launcher] o.h.c.internal.RegionFactoryInitiator    : HHH000026: Second-level cache disabled
2024-11-24T01:54:26.155-05:00  INFO 9032 --- [SysRegistroPolleria] [JavaFX-Launcher] o.s.o.j.p.SpringPersistenceUnitInfo      : No LoadTimeWeaver setup: ignoring JPA class transformer
2024-11-24T01:54:26.251-05:00  INFO 9032 --- [SysRegistroPolleria] [JavaFX-Launcher] com.zaxxer.hikari.HikariDataSource       : HikariPool-1 - Starting...
2024-11-24T01:54:26.753-05:00  INFO 9032 --- [SysRegistroPolleria] [JavaFX-Launcher] com.zaxxer.hikari.pool.HikariPool        : HikariPool-1 - Added connection org.sqlite.jdbc4.JDBC4Connection@7fa65783
2024-11-24T01:54:26.758-05:00  INFO 9032 --- [SysRegistroPolleria] [JavaFX-Launcher] com.zaxxer.hikari.HikariDataSource       : HikariPool-1 - Start completed.
2024-11-24T01:54:31.382-05:00  INFO 9032 --- [SysRegistroPolleria] [JavaFX-Launcher] o.h.e.t.j.p.i.JtaPlatformInitiator       : HHH000489: No JTA platform available (set 'hibernate.transaction.jta.platform' to enable JTA platform integration)
2024-11-24T01:54:31.491-05:00  INFO 9032 --- [SysRegistroPolleria] [JavaFX-Launcher] j.LocalContainerEntityManagerFactoryBean : Initialized JPA EntityManagerFactory for persistence unit 'default'
2024-11-24T01:54:32.601-05:00  INFO 9032 --- [SysRegistroPolleria] [JavaFX-Launcher] o.s.d.j.r.query.QueryEnhancerFactory     : Hibernate is in classpath; If applicable, HQL parser will be used.
2024-11-24T01:54:34.588-05:00  INFO 9032 --- [SysRegistroPolleria] [JavaFX-Launcher] o.s.boot.SpringApplication               : Started application in 20.925 seconds (process running for 25.688)
2024-11-24T01:55:09.189-05:00  WARN 9032 --- [SysRegistroPolleria] [JavaFX Application Thread] javafx.scene.control                     : Can not retrieve property 'nombreCliente' in PropertyValueFactory: javafx.scene.control.cell.PropertyValueFactory@43a9a864 with provided class type: class pe.edu.upeu.sysregistropolleria.modelo.VentCarrito

java.lang.IllegalStateException: Cannot read from unreadable property nombreCliente
	at com.sun.javafx.property.PropertyReference.get(PropertyReference.java:170) ~[javafx-base-16-win.jar:na]
	at javafx.scene.control.cell.PropertyValueFactory.getCellDataReflectively(PropertyValueFactory.java:184) ~[javafx-controls-16-win.jar:na]
	at javafx.scene.control.cell.PropertyValueFactory.call(PropertyValueFactory.java:154) ~[javafx-controls-16-win.jar:na]
	at javafx.scene.control.cell.PropertyValueFactory.call(PropertyValueFactory.java:133) ~[javafx-controls-16-win.jar:na]
	at javafx.scene.control.TableColumn.getCellObservableValue(TableColumn.java:593) ~[javafx-controls-16-win.jar:na]
	at javafx.scene.control.TableColumn.getCellObservableValue(TableColumn.java:578) ~[javafx-controls-16-win.jar:na]
	at javafx.scene.control.TableCell.updateItem(TableCell.java:646) ~[javafx-controls-16-win.jar:na]
	at javafx.scene.control.TableCell.indexChanged(TableCell.java:469) ~[javafx-controls-16-win.jar:na]
	at javafx.scene.control.IndexedCell.updateIndex(IndexedCell.java:120) ~[javafx-controls-16-win.jar:na]
	at javafx.scene.control.skin.TableRowSkinBase.updateCells(TableRowSkinBase.java:539) ~[javafx-controls-16-win.jar:na]
	at javafx.scene.control.skin.TableRowSkinBase.<init>(TableRowSkinBase.java:159) ~[javafx-controls-16-win.jar:na]
	at javafx.scene.control.skin.TableRowSkin.<init>(TableRowSkin.java:89) ~[javafx-controls-16-win.jar:na]
	at javafx.scene.control.TableRow.createDefaultSkin(TableRow.java:213) ~[javafx-controls-16-win.jar:na]
	at javafx.scene.control.Control.doProcessCSS(Control.java:897) ~[javafx-controls-16-win.jar:na]
	at javafx.scene.control.Control$1.doProcessCSS(Control.java:89) ~[javafx-controls-16-win.jar:na]
	at com.sun.javafx.scene.control.ControlHelper.processCSSImpl(ControlHelper.java:67) ~[javafx-controls-16-win.jar:na]
	at com.sun.javafx.scene.NodeHelper.processCSS(NodeHelper.java:145) ~[javafx-graphics-16-win.jar:na]
	at javafx.scene.Node.processCSS(Node.java:9547) ~[javafx-graphics-16-win.jar:na]
	at javafx.scene.Node.applyCss(Node.java:9634) ~[javafx-graphics-16-win.jar:na]
	at javafx.scene.control.skin.VirtualFlow.setCellIndex(VirtualFlow.java:1743) ~[javafx-controls-16-win.jar:na]
	at javafx.scene.control.skin.VirtualFlow.getCell(VirtualFlow.java:1720) ~[javafx-controls-16-win.jar:na]
	at javafx.scene.control.skin.VirtualFlow.getCellLength(VirtualFlow.java:1846) ~[javafx-controls-16-win.jar:na]
	at javafx.scene.control.skin.VirtualFlow.computeViewportOffset(VirtualFlow.java:2758) ~[javafx-controls-16-win.jar:na]
	at javafx.scene.control.skin.VirtualFlow.layoutChildren(VirtualFlow.java:1239) ~[javafx-controls-16-win.jar:na]
	at javafx.scene.Parent.layout(Parent.java:1207) ~[javafx-graphics-16-win.jar:na]
	at javafx.scene.Parent.layout(Parent.java:1214) ~[javafx-graphics-16-win.jar:na]
	at javafx.scene.Parent.layout(Parent.java:1214) ~[javafx-graphics-16-win.jar:na]
	at javafx.scene.Parent.layout(Parent.java:1214) ~[javafx-graphics-16-win.jar:na]
	at javafx.scene.Parent.layout(Parent.java:1214) ~[javafx-graphics-16-win.jar:na]
	at javafx.scene.Parent.layout(Parent.java:1214) ~[javafx-graphics-16-win.jar:na]
	at javafx.scene.Parent.layout(Parent.java:1214) ~[javafx-graphics-16-win.jar:na]
	at javafx.scene.Parent.layout(Parent.java:1214) ~[javafx-graphics-16-win.jar:na]
	at javafx.scene.Parent.layout(Parent.java:1214) ~[javafx-graphics-16-win.jar:na]
	at javafx.scene.Parent.layout(Parent.java:1214) ~[javafx-graphics-16-win.jar:na]
	at javafx.scene.Scene.doLayoutPass(Scene.java:576) ~[javafx-graphics-16-win.jar:na]
	at javafx.scene.Scene$ScenePulseListener.pulse(Scene.java:2476) ~[javafx-graphics-16-win.jar:na]
	at com.sun.javafx.tk.Toolkit.lambda$runPulse$2(Toolkit.java:413) ~[javafx-graphics-16-win.jar:na]
	at java.base/java.security.AccessController.doPrivileged(AccessController.java:399) ~[na:na]
	at com.sun.javafx.tk.Toolkit.runPulse(Toolkit.java:412) ~[javafx-graphics-16-win.jar:na]
	at com.sun.javafx.tk.Toolkit.firePulse(Toolkit.java:439) ~[javafx-graphics-16-win.jar:na]
	at com.sun.javafx.tk.quantum.QuantumToolkit.pulse(QuantumToolkit.java:563) ~[javafx-graphics-16-win.jar:na]
	at com.sun.javafx.tk.quantum.QuantumToolkit.pulse(QuantumToolkit.java:543) ~[javafx-graphics-16-win.jar:na]
	at com.sun.javafx.tk.quantum.QuantumToolkit.pulseFromQueue(QuantumToolkit.java:536) ~[javafx-graphics-16-win.jar:na]
	at com.sun.javafx.tk.quantum.QuantumToolkit.lambda$runToolkit$11(QuantumToolkit.java:342) ~[javafx-graphics-16-win.jar:na]
	at com.sun.glass.ui.InvokeLaterDispatcher$Future.run(InvokeLaterDispatcher.java:96) ~[javafx-graphics-16-win.jar:na]
	at com.sun.glass.ui.win.WinApplication._runLoop(Native Method) ~[javafx-graphics-16-win.jar:na]
	at com.sun.glass.ui.win.WinApplication.lambda$runLoop$3(WinApplication.java:174) ~[javafx-graphics-16-win.jar:na]
	at java.base/java.lang.Thread.run(Thread.java:833) ~[na:na]

2024-11-24T01:55:32.537-05:00  INFO 9032 --- [SysRegistroPolleria] [JavaFX Application Thread] j.LocalContainerEntityManagerFactoryBean : Closing JPA EntityManagerFactory for persistence unit 'default'
2024-11-24T01:55:32.541-05:00  INFO 9032 --- [SysRegistroPolleria] [JavaFX Application Thread] com.zaxxer.hikari.HikariDataSource       : HikariPool-1 - Shutdown initiated...
2024-11-24T01:55:32.557-05:00  INFO 9032 --- [SysRegistroPolleria] [JavaFX Application Thread] com.zaxxer.hikari.HikariDataSource       : HikariPool-1 - Shutdown completed.
2024-11-24T02:00:08.885-05:00  INFO 17260 --- [SysRegistroPolleria] [JavaFX-Launcher] o.s.boot.SpringApplication               : Starting application using Java 18.0.1.1 with PID 17260 (started by PC in D:\gihud\Trabajo\SysRegistroPolleria)
2024-11-24T02:00:08.894-05:00  INFO 17260 --- [SysRegistroPolleria] [JavaFX-Launcher] o.s.boot.SpringApplication               : No active profile set, falling back to 1 default profile: "default"
2024-11-24T02:00:11.290-05:00  INFO 17260 --- [SysRegistroPolleria] [JavaFX-Launcher] .s.d.r.c.RepositoryConfigurationDelegate : Bootstrapping Spring Data JPA repositories in DEFAULT mode.
2024-11-24T02:00:11.805-05:00  INFO 17260 --- [SysRegistroPolleria] [JavaFX-Launcher] .s.d.r.c.RepositoryConfigurationDelegate : Finished Spring Data repository scanning in 487 ms. Found 15 JPA repository interfaces.
2024-11-24T02:00:13.890-05:00  INFO 17260 --- [SysRegistroPolleria] [JavaFX-Launcher] o.hibernate.jpa.internal.util.LogHelper  : HHH000204: Processing PersistenceUnitInfo [name: default]
2024-11-24T02:00:14.181-05:00  INFO 17260 --- [SysRegistroPolleria] [JavaFX-Launcher] org.hibernate.Version                    : HHH000412: Hibernate ORM core version 6.5.3.Final
2024-11-24T02:00:14.367-05:00  INFO 17260 --- [SysRegistroPolleria] [JavaFX-Launcher] o.h.c.internal.RegionFactoryInitiator    : HHH000026: Second-level cache disabled
2024-11-24T02:00:15.603-05:00  INFO 17260 --- [SysRegistroPolleria] [JavaFX-Launcher] o.s.o.j.p.SpringPersistenceUnitInfo      : No LoadTimeWeaver setup: ignoring JPA class transformer
2024-11-24T02:00:15.797-05:00  INFO 17260 --- [SysRegistroPolleria] [JavaFX-Launcher] com.zaxxer.hikari.HikariDataSource       : HikariPool-1 - Starting...
2024-11-24T02:00:16.180-05:00  INFO 17260 --- [SysRegistroPolleria] [JavaFX-Launcher] com.zaxxer.hikari.pool.HikariPool        : HikariPool-1 - Added connection org.sqlite.jdbc4.JDBC4Connection@c0095ff
2024-11-24T02:00:16.185-05:00  INFO 17260 --- [SysRegistroPolleria] [JavaFX-Launcher] com.zaxxer.hikari.HikariDataSource       : HikariPool-1 - Start completed.
2024-11-24T02:00:21.904-05:00  INFO 17260 --- [SysRegistroPolleria] [JavaFX-Launcher] o.h.e.t.j.p.i.JtaPlatformInitiator       : HHH000489: No JTA platform available (set 'hibernate.transaction.jta.platform' to enable JTA platform integration)
2024-11-24T02:00:22.017-05:00  INFO 17260 --- [SysRegistroPolleria] [JavaFX-Launcher] j.LocalContainerEntityManagerFactoryBean : Initialized JPA EntityManagerFactory for persistence unit 'default'
2024-11-24T02:00:22.965-05:00  INFO 17260 --- [SysRegistroPolleria] [JavaFX-Launcher] o.s.d.j.r.query.QueryEnhancerFactory     : Hibernate is in classpath; If applicable, HQL parser will be used.
2024-11-24T02:00:25.074-05:00  INFO 17260 --- [SysRegistroPolleria] [JavaFX-Launcher] o.s.boot.SpringApplication               : Started application in 18.612 seconds (process running for 20.971)
2024-11-24T02:03:07.901-05:00  WARN 17260 --- [SysRegistroPolleria] [JavaFX Application Thread] javafx.scene.control                     : Can not retrieve property 'nombreCliente' in PropertyValueFactory: javafx.scene.control.cell.PropertyValueFactory@2f7786df with provided class type: class pe.edu.upeu.sysregistropolleria.modelo.VentCarrito

java.lang.IllegalStateException: Cannot read from unreadable property nombreCliente
	at com.sun.javafx.property.PropertyReference.get(PropertyReference.java:170) ~[javafx-base-16-win.jar:na]
	at javafx.scene.control.cell.PropertyValueFactory.getCellDataReflectively(PropertyValueFactory.java:184) ~[javafx-controls-16-win.jar:na]
	at javafx.scene.control.cell.PropertyValueFactory.call(PropertyValueFactory.java:154) ~[javafx-controls-16-win.jar:na]
	at javafx.scene.control.cell.PropertyValueFactory.call(PropertyValueFactory.java:133) ~[javafx-controls-16-win.jar:na]
	at javafx.scene.control.TableColumn.getCellObservableValue(TableColumn.java:593) ~[javafx-controls-16-win.jar:na]
	at javafx.scene.control.TableColumn.getCellObservableValue(TableColumn.java:578) ~[javafx-controls-16-win.jar:na]
	at javafx.scene.control.TableCell.updateItem(TableCell.java:646) ~[javafx-controls-16-win.jar:na]
	at javafx.scene.control.TableCell.indexChanged(TableCell.java:469) ~[javafx-controls-16-win.jar:na]
	at javafx.scene.control.IndexedCell.updateIndex(IndexedCell.java:120) ~[javafx-controls-16-win.jar:na]
	at javafx.scene.control.skin.TableRowSkinBase.updateCells(TableRowSkinBase.java:539) ~[javafx-controls-16-win.jar:na]
	at javafx.scene.control.skin.TableRowSkinBase.<init>(TableRowSkinBase.java:159) ~[javafx-controls-16-win.jar:na]
	at javafx.scene.control.skin.TableRowSkin.<init>(TableRowSkin.java:89) ~[javafx-controls-16-win.jar:na]
	at javafx.scene.control.TableRow.createDefaultSkin(TableRow.java:213) ~[javafx-controls-16-win.jar:na]
	at javafx.scene.control.Control.doProcessCSS(Control.java:897) ~[javafx-controls-16-win.jar:na]
	at javafx.scene.control.Control$1.doProcessCSS(Control.java:89) ~[javafx-controls-16-win.jar:na]
	at com.sun.javafx.scene.control.ControlHelper.processCSSImpl(ControlHelper.java:67) ~[javafx-controls-16-win.jar:na]
	at com.sun.javafx.scene.NodeHelper.processCSS(NodeHelper.java:145) ~[javafx-graphics-16-win.jar:na]
	at javafx.scene.Node.processCSS(Node.java:9547) ~[javafx-graphics-16-win.jar:na]
	at javafx.scene.Node.applyCss(Node.java:9634) ~[javafx-graphics-16-win.jar:na]
	at javafx.scene.control.skin.VirtualFlow.setCellIndex(VirtualFlow.java:1743) ~[javafx-controls-16-win.jar:na]
	at javafx.scene.control.skin.VirtualFlow.getCell(VirtualFlow.java:1720) ~[javafx-controls-16-win.jar:na]
	at javafx.scene.control.skin.VirtualFlow.getCellLength(VirtualFlow.java:1846) ~[javafx-controls-16-win.jar:na]
	at javafx.scene.control.skin.VirtualFlow.computeViewportOffset(VirtualFlow.java:2758) ~[javafx-controls-16-win.jar:na]
	at javafx.scene.control.skin.VirtualFlow.layoutChildren(VirtualFlow.java:1239) ~[javafx-controls-16-win.jar:na]
	at javafx.scene.Parent.layout(Parent.java:1207) ~[javafx-graphics-16-win.jar:na]
	at javafx.scene.Parent.layout(Parent.java:1214) ~[javafx-graphics-16-win.jar:na]
	at javafx.scene.Parent.layout(Parent.java:1214) ~[javafx-graphics-16-win.jar:na]
	at javafx.scene.Parent.layout(Parent.java:1214) ~[javafx-graphics-16-win.jar:na]
	at javafx.scene.Parent.layout(Parent.java:1214) ~[javafx-graphics-16-win.jar:na]
	at javafx.scene.Parent.layout(Parent.java:1214) ~[javafx-graphics-16-win.jar:na]
	at javafx.scene.Parent.layout(Parent.java:1214) ~[javafx-graphics-16-win.jar:na]
	at javafx.scene.Parent.layout(Parent.java:1214) ~[javafx-graphics-16-win.jar:na]
	at javafx.scene.Parent.layout(Parent.java:1214) ~[javafx-graphics-16-win.jar:na]
	at javafx.scene.Parent.layout(Parent.java:1214) ~[javafx-graphics-16-win.jar:na]
	at javafx.scene.Scene.doLayoutPass(Scene.java:576) ~[javafx-graphics-16-win.jar:na]
	at javafx.scene.Scene$ScenePulseListener.pulse(Scene.java:2476) ~[javafx-graphics-16-win.jar:na]
	at com.sun.javafx.tk.Toolkit.lambda$runPulse$2(Toolkit.java:413) ~[javafx-graphics-16-win.jar:na]
	at java.base/java.security.AccessController.doPrivileged(AccessController.java:399) ~[na:na]
	at com.sun.javafx.tk.Toolkit.runPulse(Toolkit.java:412) ~[javafx-graphics-16-win.jar:na]
	at com.sun.javafx.tk.Toolkit.firePulse(Toolkit.java:439) ~[javafx-graphics-16-win.jar:na]
	at com.sun.javafx.tk.quantum.QuantumToolkit.pulse(QuantumToolkit.java:563) ~[javafx-graphics-16-win.jar:na]
	at com.sun.javafx.tk.quantum.QuantumToolkit.pulse(QuantumToolkit.java:543) ~[javafx-graphics-16-win.jar:na]
	at com.sun.javafx.tk.quantum.QuantumToolkit.pulseFromQueue(QuantumToolkit.java:536) ~[javafx-graphics-16-win.jar:na]
	at com.sun.javafx.tk.quantum.QuantumToolkit.lambda$runToolkit$11(QuantumToolkit.java:342) ~[javafx-graphics-16-win.jar:na]
	at com.sun.glass.ui.InvokeLaterDispatcher$Future.run(InvokeLaterDispatcher.java:96) ~[javafx-graphics-16-win.jar:na]
	at com.sun.glass.ui.win.WinApplication._runLoop(Native Method) ~[javafx-graphics-16-win.jar:na]
	at com.sun.glass.ui.win.WinApplication.lambda$runLoop$3(WinApplication.java:174) ~[javafx-graphics-16-win.jar:na]
	at java.base/java.lang.Thread.run(Thread.java:833) ~[na:na]

2024-11-24T02:05:44.071-05:00  INFO 17260 --- [SysRegistroPolleria] [JavaFX Application Thread] j.LocalContainerEntityManagerFactoryBean : Closing JPA EntityManagerFactory for persistence unit 'default'
2024-11-24T02:05:44.074-05:00  INFO 17260 --- [SysRegistroPolleria] [JavaFX Application Thread] com.zaxxer.hikari.HikariDataSource       : HikariPool-1 - Shutdown initiated...
2024-11-24T02:05:44.090-05:00  INFO 17260 --- [SysRegistroPolleria] [JavaFX Application Thread] com.zaxxer.hikari.HikariDataSource       : HikariPool-1 - Shutdown completed.
2024-11-24T02:06:13.024-05:00  INFO 11744 --- [SysRegistroPolleria] [JavaFX-Launcher] o.s.boot.SpringApplication               : Starting application using Java 18.0.1.1 with PID 11744 (started by PC in D:\gihud\Trabajo\SysRegistroPolleria)
2024-11-24T02:06:13.029-05:00  INFO 11744 --- [SysRegistroPolleria] [JavaFX-Launcher] o.s.boot.SpringApplication               : No active profile set, falling back to 1 default profile: "default"
2024-11-24T02:06:15.296-05:00  INFO 11744 --- [SysRegistroPolleria] [JavaFX-Launcher] .s.d.r.c.RepositoryConfigurationDelegate : Bootstrapping Spring Data JPA repositories in DEFAULT mode.
2024-11-24T02:06:15.675-05:00  INFO 11744 --- [SysRegistroPolleria] [JavaFX-Launcher] .s.d.r.c.RepositoryConfigurationDelegate : Finished Spring Data repository scanning in 366 ms. Found 15 JPA repository interfaces.
2024-11-24T02:06:17.199-05:00  INFO 11744 --- [SysRegistroPolleria] [JavaFX-Launcher] o.hibernate.jpa.internal.util.LogHelper  : HHH000204: Processing PersistenceUnitInfo [name: default]
2024-11-24T02:06:17.336-05:00  INFO 11744 --- [SysRegistroPolleria] [JavaFX-Launcher] org.hibernate.Version                    : HHH000412: Hibernate ORM core version 6.5.3.Final
2024-11-24T02:06:17.450-05:00  INFO 11744 --- [SysRegistroPolleria] [JavaFX-Launcher] o.h.c.internal.RegionFactoryInitiator    : HHH000026: Second-level cache disabled
2024-11-24T02:06:18.093-05:00  INFO 11744 --- [SysRegistroPolleria] [JavaFX-Launcher] o.s.o.j.p.SpringPersistenceUnitInfo      : No LoadTimeWeaver setup: ignoring JPA class transformer
2024-11-24T02:06:18.152-05:00  INFO 11744 --- [SysRegistroPolleria] [JavaFX-Launcher] com.zaxxer.hikari.HikariDataSource       : HikariPool-1 - Starting...
2024-11-24T02:06:18.549-05:00  INFO 11744 --- [SysRegistroPolleria] [JavaFX-Launcher] com.zaxxer.hikari.pool.HikariPool        : HikariPool-1 - Added connection org.sqlite.jdbc4.JDBC4Connection@16dc7109
2024-11-24T02:06:18.553-05:00  INFO 11744 --- [SysRegistroPolleria] [JavaFX-Launcher] com.zaxxer.hikari.HikariDataSource       : HikariPool-1 - Start completed.
2024-11-24T02:06:22.136-05:00  INFO 11744 --- [SysRegistroPolleria] [JavaFX-Launcher] o.h.e.t.j.p.i.JtaPlatformInitiator       : HHH000489: No JTA platform available (set 'hibernate.transaction.jta.platform' to enable JTA platform integration)
2024-11-24T02:06:22.288-05:00  INFO 11744 --- [SysRegistroPolleria] [JavaFX-Launcher] j.LocalContainerEntityManagerFactoryBean : Initialized JPA EntityManagerFactory for persistence unit 'default'
2024-11-24T02:06:23.392-05:00  INFO 11744 --- [SysRegistroPolleria] [JavaFX-Launcher] o.s.d.j.r.query.QueryEnhancerFactory     : Hibernate is in classpath; If applicable, HQL parser will be used.
2024-11-24T02:06:24.874-05:00  INFO 11744 --- [SysRegistroPolleria] [JavaFX-Launcher] o.s.boot.SpringApplication               : Started application in 14.171 seconds (process running for 16.233)
2024-11-24T02:07:12.956-05:00  WARN 11744 --- [SysRegistroPolleria] [JavaFX Application Thread] javafx.scene.control                     : Can not retrieve property 'nombreCliente' in PropertyValueFactory: javafx.scene.control.cell.PropertyValueFactory@177cb321 with provided class type: class pe.edu.upeu.sysregistropolleria.modelo.VentCarrito

java.lang.IllegalStateException: Cannot read from unreadable property nombreCliente
	at com.sun.javafx.property.PropertyReference.get(PropertyReference.java:170) ~[javafx-base-16-win.jar:na]
	at javafx.scene.control.cell.PropertyValueFactory.getCellDataReflectively(PropertyValueFactory.java:184) ~[javafx-controls-16-win.jar:na]
	at javafx.scene.control.cell.PropertyValueFactory.call(PropertyValueFactory.java:154) ~[javafx-controls-16-win.jar:na]
	at javafx.scene.control.cell.PropertyValueFactory.call(PropertyValueFactory.java:133) ~[javafx-controls-16-win.jar:na]
	at javafx.scene.control.TableColumn.getCellObservableValue(TableColumn.java:593) ~[javafx-controls-16-win.jar:na]
	at javafx.scene.control.TableColumn.getCellObservableValue(TableColumn.java:578) ~[javafx-controls-16-win.jar:na]
	at javafx.scene.control.TableCell.updateItem(TableCell.java:646) ~[javafx-controls-16-win.jar:na]
	at javafx.scene.control.TableCell.indexChanged(TableCell.java:469) ~[javafx-controls-16-win.jar:na]
	at javafx.scene.control.IndexedCell.updateIndex(IndexedCell.java:120) ~[javafx-controls-16-win.jar:na]
	at javafx.scene.control.skin.TableRowSkinBase.updateCells(TableRowSkinBase.java:539) ~[javafx-controls-16-win.jar:na]
	at javafx.scene.control.skin.TableRowSkinBase.<init>(TableRowSkinBase.java:159) ~[javafx-controls-16-win.jar:na]
	at javafx.scene.control.skin.TableRowSkin.<init>(TableRowSkin.java:89) ~[javafx-controls-16-win.jar:na]
	at javafx.scene.control.TableRow.createDefaultSkin(TableRow.java:213) ~[javafx-controls-16-win.jar:na]
	at javafx.scene.control.Control.doProcessCSS(Control.java:897) ~[javafx-controls-16-win.jar:na]
	at javafx.scene.control.Control$1.doProcessCSS(Control.java:89) ~[javafx-controls-16-win.jar:na]
	at com.sun.javafx.scene.control.ControlHelper.processCSSImpl(ControlHelper.java:67) ~[javafx-controls-16-win.jar:na]
	at com.sun.javafx.scene.NodeHelper.processCSS(NodeHelper.java:145) ~[javafx-graphics-16-win.jar:na]
	at javafx.scene.Node.processCSS(Node.java:9547) ~[javafx-graphics-16-win.jar:na]
	at javafx.scene.Node.applyCss(Node.java:9634) ~[javafx-graphics-16-win.jar:na]
	at javafx.scene.control.skin.VirtualFlow.setCellIndex(VirtualFlow.java:1743) ~[javafx-controls-16-win.jar:na]
	at javafx.scene.control.skin.VirtualFlow.getCell(VirtualFlow.java:1720) ~[javafx-controls-16-win.jar:na]
	at javafx.scene.control.skin.VirtualFlow.getCellLength(VirtualFlow.java:1846) ~[javafx-controls-16-win.jar:na]
	at javafx.scene.control.skin.VirtualFlow.computeViewportOffset(VirtualFlow.java:2758) ~[javafx-controls-16-win.jar:na]
	at javafx.scene.control.skin.VirtualFlow.layoutChildren(VirtualFlow.java:1239) ~[javafx-controls-16-win.jar:na]
	at javafx.scene.Parent.layout(Parent.java:1207) ~[javafx-graphics-16-win.jar:na]
	at javafx.scene.Parent.layout(Parent.java:1214) ~[javafx-graphics-16-win.jar:na]
	at javafx.scene.Parent.layout(Parent.java:1214) ~[javafx-graphics-16-win.jar:na]
	at javafx.scene.Parent.layout(Parent.java:1214) ~[javafx-graphics-16-win.jar:na]
	at javafx.scene.Parent.layout(Parent.java:1214) ~[javafx-graphics-16-win.jar:na]
	at javafx.scene.Parent.layout(Parent.java:1214) ~[javafx-graphics-16-win.jar:na]
	at javafx.scene.Parent.layout(Parent.java:1214) ~[javafx-graphics-16-win.jar:na]
	at javafx.scene.Parent.layout(Parent.java:1214) ~[javafx-graphics-16-win.jar:na]
	at javafx.scene.Parent.layout(Parent.java:1214) ~[javafx-graphics-16-win.jar:na]
	at javafx.scene.Parent.layout(Parent.java:1214) ~[javafx-graphics-16-win.jar:na]
	at javafx.scene.Scene.doLayoutPass(Scene.java:576) ~[javafx-graphics-16-win.jar:na]
	at javafx.scene.Scene$ScenePulseListener.pulse(Scene.java:2476) ~[javafx-graphics-16-win.jar:na]
	at com.sun.javafx.tk.Toolkit.lambda$runPulse$2(Toolkit.java:413) ~[javafx-graphics-16-win.jar:na]
	at java.base/java.security.AccessController.doPrivileged(AccessController.java:399) ~[na:na]
	at com.sun.javafx.tk.Toolkit.runPulse(Toolkit.java:412) ~[javafx-graphics-16-win.jar:na]
	at com.sun.javafx.tk.Toolkit.firePulse(Toolkit.java:439) ~[javafx-graphics-16-win.jar:na]
	at com.sun.javafx.tk.quantum.QuantumToolkit.pulse(QuantumToolkit.java:563) ~[javafx-graphics-16-win.jar:na]
	at com.sun.javafx.tk.quantum.QuantumToolkit.pulse(QuantumToolkit.java:543) ~[javafx-graphics-16-win.jar:na]
	at com.sun.javafx.tk.quantum.QuantumToolkit.pulseFromQueue(QuantumToolkit.java:536) ~[javafx-graphics-16-win.jar:na]
	at com.sun.javafx.tk.quantum.QuantumToolkit.lambda$runToolkit$11(QuantumToolkit.java:342) ~[javafx-graphics-16-win.jar:na]
	at com.sun.glass.ui.InvokeLaterDispatcher$Future.run(InvokeLaterDispatcher.java:96) ~[javafx-graphics-16-win.jar:na]
	at com.sun.glass.ui.win.WinApplication._runLoop(Native Method) ~[javafx-graphics-16-win.jar:na]
	at com.sun.glass.ui.win.WinApplication.lambda$runLoop$3(WinApplication.java:174) ~[javafx-graphics-16-win.jar:na]
	at java.base/java.lang.Thread.run(Thread.java:833) ~[na:na]

2024-11-24T02:13:30.664-05:00  INFO 11744 --- [SysRegistroPolleria] [JavaFX Application Thread] j.LocalContainerEntityManagerFactoryBean : Closing JPA EntityManagerFactory for persistence unit 'default'
2024-11-24T02:13:30.670-05:00  INFO 11744 --- [SysRegistroPolleria] [JavaFX Application Thread] com.zaxxer.hikari.HikariDataSource       : HikariPool-1 - Shutdown initiated...
2024-11-24T02:13:30.799-05:00  INFO 11744 --- [SysRegistroPolleria] [JavaFX Application Thread] com.zaxxer.hikari.HikariDataSource       : HikariPool-1 - Shutdown completed.
2024-11-24T02:19:34.242-05:00  INFO 14436 --- [SysRegistroPolleria] [JavaFX-Launcher] o.s.boot.SpringApplication               : Starting application using Java 18.0.1.1 with PID 14436 (started by PC in D:\gihud\Trabajo\SysRegistroPolleria)
2024-11-24T02:19:34.248-05:00  INFO 14436 --- [SysRegistroPolleria] [JavaFX-Launcher] o.s.boot.SpringApplication               : No active profile set, falling back to 1 default profile: "default"
2024-11-24T02:19:36.661-05:00  INFO 14436 --- [SysRegistroPolleria] [JavaFX-Launcher] .s.d.r.c.RepositoryConfigurationDelegate : Bootstrapping Spring Data JPA repositories in DEFAULT mode.
2024-11-24T02:19:36.933-05:00  INFO 14436 --- [SysRegistroPolleria] [JavaFX-Launcher] .s.d.r.c.RepositoryConfigurationDelegate : Finished Spring Data repository scanning in 257 ms. Found 15 JPA repository interfaces.
2024-11-24T02:19:38.438-05:00  INFO 14436 --- [SysRegistroPolleria] [JavaFX-Launcher] o.hibernate.jpa.internal.util.LogHelper  : HHH000204: Processing PersistenceUnitInfo [name: default]
2024-11-24T02:19:38.636-05:00  INFO 14436 --- [SysRegistroPolleria] [JavaFX-Launcher] org.hibernate.Version                    : HHH000412: Hibernate ORM core version 6.5.3.Final
2024-11-24T02:19:38.751-05:00  INFO 14436 --- [SysRegistroPolleria] [JavaFX-Launcher] o.h.c.internal.RegionFactoryInitiator    : HHH000026: Second-level cache disabled
2024-11-24T02:19:39.952-05:00  INFO 14436 --- [SysRegistroPolleria] [JavaFX-Launcher] o.s.o.j.p.SpringPersistenceUnitInfo      : No LoadTimeWeaver setup: ignoring JPA class transformer
2024-11-24T02:19:40.064-05:00  INFO 14436 --- [SysRegistroPolleria] [JavaFX-Launcher] com.zaxxer.hikari.HikariDataSource       : HikariPool-1 - Starting...
2024-11-24T02:19:40.545-05:00  INFO 14436 --- [SysRegistroPolleria] [JavaFX-Launcher] com.zaxxer.hikari.pool.HikariPool        : HikariPool-1 - Added connection org.sqlite.jdbc4.JDBC4Connection@3209a7f9
2024-11-24T02:19:40.553-05:00  INFO 14436 --- [SysRegistroPolleria] [JavaFX-Launcher] com.zaxxer.hikari.HikariDataSource       : HikariPool-1 - Start completed.
2024-11-24T02:19:45.882-05:00  INFO 14436 --- [SysRegistroPolleria] [JavaFX-Launcher] o.h.e.t.j.p.i.JtaPlatformInitiator       : HHH000489: No JTA platform available (set 'hibernate.transaction.jta.platform' to enable JTA platform integration)
2024-11-24T02:19:45.998-05:00  INFO 14436 --- [SysRegistroPolleria] [JavaFX-Launcher] j.LocalContainerEntityManagerFactoryBean : Initialized JPA EntityManagerFactory for persistence unit 'default'
2024-11-24T02:19:46.946-05:00  INFO 14436 --- [SysRegistroPolleria] [JavaFX-Launcher] o.s.d.j.r.query.QueryEnhancerFactory     : Hibernate is in classpath; If applicable, HQL parser will be used.
2024-11-24T02:19:48.527-05:00  INFO 14436 --- [SysRegistroPolleria] [JavaFX-Launcher] o.s.boot.SpringApplication               : Started application in 16.589 seconds (process running for 19.221)
2024-11-24T02:21:07.131-05:00  INFO 14436 --- [SysRegistroPolleria] [JavaFX Application Thread] j.LocalContainerEntityManagerFactoryBean : Closing JPA EntityManagerFactory for persistence unit 'default'
2024-11-24T02:21:07.137-05:00  INFO 14436 --- [SysRegistroPolleria] [JavaFX Application Thread] com.zaxxer.hikari.HikariDataSource       : HikariPool-1 - Shutdown initiated...
2024-11-24T02:21:07.186-05:00  INFO 14436 --- [SysRegistroPolleria] [JavaFX Application Thread] com.zaxxer.hikari.HikariDataSource       : HikariPool-1 - Shutdown completed.
2024-11-24T02:21:33.527-05:00  INFO 16288 --- [SysRegistroPolleria] [JavaFX-Launcher] o.s.boot.SpringApplication               : Starting application using Java 18.0.1.1 with PID 16288 (started by PC in D:\gihud\Trabajo\SysRegistroPolleria)
2024-11-24T02:21:33.536-05:00  INFO 16288 --- [SysRegistroPolleria] [JavaFX-Launcher] o.s.boot.SpringApplication               : No active profile set, falling back to 1 default profile: "default"
2024-11-24T02:21:36.034-05:00  INFO 16288 --- [SysRegistroPolleria] [JavaFX-Launcher] .s.d.r.c.RepositoryConfigurationDelegate : Bootstrapping Spring Data JPA repositories in DEFAULT mode.
2024-11-24T02:21:36.365-05:00  INFO 16288 --- [SysRegistroPolleria] [JavaFX-Launcher] .s.d.r.c.RepositoryConfigurationDelegate : Finished Spring Data repository scanning in 302 ms. Found 15 JPA repository interfaces.
2024-11-24T02:21:38.041-05:00  INFO 16288 --- [SysRegistroPolleria] [JavaFX-Launcher] o.hibernate.jpa.internal.util.LogHelper  : HHH000204: Processing PersistenceUnitInfo [name: default]
2024-11-24T02:21:38.194-05:00  INFO 16288 --- [SysRegistroPolleria] [JavaFX-Launcher] org.hibernate.Version                    : HHH000412: Hibernate ORM core version 6.5.3.Final
2024-11-24T02:21:38.329-05:00  INFO 16288 --- [SysRegistroPolleria] [JavaFX-Launcher] o.h.c.internal.RegionFactoryInitiator    : HHH000026: Second-level cache disabled
2024-11-24T02:21:39.626-05:00  INFO 16288 --- [SysRegistroPolleria] [JavaFX-Launcher] o.s.o.j.p.SpringPersistenceUnitInfo      : No LoadTimeWeaver setup: ignoring JPA class transformer
2024-11-24T02:21:39.756-05:00  INFO 16288 --- [SysRegistroPolleria] [JavaFX-Launcher] com.zaxxer.hikari.HikariDataSource       : HikariPool-1 - Starting...
2024-11-24T02:21:40.425-05:00  INFO 16288 --- [SysRegistroPolleria] [JavaFX-Launcher] com.zaxxer.hikari.pool.HikariPool        : HikariPool-1 - Added connection org.sqlite.jdbc4.JDBC4Connection@549ac8e4
2024-11-24T02:21:40.432-05:00  INFO 16288 --- [SysRegistroPolleria] [JavaFX-Launcher] com.zaxxer.hikari.HikariDataSource       : HikariPool-1 - Start completed.
2024-11-24T02:21:46.238-05:00  INFO 16288 --- [SysRegistroPolleria] [JavaFX-Launcher] o.h.e.t.j.p.i.JtaPlatformInitiator       : HHH000489: No JTA platform available (set 'hibernate.transaction.jta.platform' to enable JTA platform integration)
2024-11-24T02:21:46.359-05:00  INFO 16288 --- [SysRegistroPolleria] [JavaFX-Launcher] j.LocalContainerEntityManagerFactoryBean : Initialized JPA EntityManagerFactory for persistence unit 'default'
2024-11-24T02:21:47.194-05:00  INFO 16288 --- [SysRegistroPolleria] [JavaFX-Launcher] o.s.d.j.r.query.QueryEnhancerFactory     : Hibernate is in classpath; If applicable, HQL parser will be used.
2024-11-24T02:21:48.935-05:00  INFO 16288 --- [SysRegistroPolleria] [JavaFX-Launcher] o.s.boot.SpringApplication               : Started application in 17.628 seconds (process running for 20.162)
2024-11-24T02:23:27.643-05:00  INFO 16288 --- [SysRegistroPolleria] [JavaFX Application Thread] j.LocalContainerEntityManagerFactoryBean : Closing JPA EntityManagerFactory for persistence unit 'default'
2024-11-24T02:23:27.649-05:00  INFO 16288 --- [SysRegistroPolleria] [JavaFX Application Thread] com.zaxxer.hikari.HikariDataSource       : HikariPool-1 - Shutdown initiated...
2024-11-24T02:23:27.667-05:00  INFO 16288 --- [SysRegistroPolleria] [JavaFX Application Thread] com.zaxxer.hikari.HikariDataSource       : HikariPool-1 - Shutdown completed.
2024-11-24T05:13:24.099-05:00  INFO 14200 --- [SysRegistroPolleria] [JavaFX-Launcher] o.s.boot.SpringApplication               : Starting application using Java 18.0.1.1 with PID 14200 (started by PC in D:\gihud\Trabajo\SysRegistroPolleria)
2024-11-24T05:13:24.104-05:00  INFO 14200 --- [SysRegistroPolleria] [JavaFX-Launcher] o.s.boot.SpringApplication               : No active profile set, falling back to 1 default profile: "default"
2024-11-24T05:13:26.185-05:00  INFO 14200 --- [SysRegistroPolleria] [JavaFX-Launcher] .s.d.r.c.RepositoryConfigurationDelegate : Bootstrapping Spring Data JPA repositories in DEFAULT mode.
2024-11-24T05:13:26.569-05:00  INFO 14200 --- [SysRegistroPolleria] [JavaFX-Launcher] .s.d.r.c.RepositoryConfigurationDelegate : Finished Spring Data repository scanning in 372 ms. Found 15 JPA repository interfaces.
2024-11-24T05:13:27.901-05:00  INFO 14200 --- [SysRegistroPolleria] [JavaFX-Launcher] o.hibernate.jpa.internal.util.LogHelper  : HHH000204: Processing PersistenceUnitInfo [name: default]
2024-11-24T05:13:28.087-05:00  INFO 14200 --- [SysRegistroPolleria] [JavaFX-Launcher] org.hibernate.Version                    : HHH000412: Hibernate ORM core version 6.5.3.Final
2024-11-24T05:13:28.281-05:00  INFO 14200 --- [SysRegistroPolleria] [JavaFX-Launcher] o.h.c.internal.RegionFactoryInitiator    : HHH000026: Second-level cache disabled
2024-11-24T05:13:29.077-05:00  INFO 14200 --- [SysRegistroPolleria] [JavaFX-Launcher] o.s.o.j.p.SpringPersistenceUnitInfo      : No LoadTimeWeaver setup: ignoring JPA class transformer
2024-11-24T05:13:29.176-05:00  INFO 14200 --- [SysRegistroPolleria] [JavaFX-Launcher] com.zaxxer.hikari.HikariDataSource       : HikariPool-1 - Starting...
2024-11-24T05:13:29.501-05:00  INFO 14200 --- [SysRegistroPolleria] [JavaFX-Launcher] com.zaxxer.hikari.pool.HikariPool        : HikariPool-1 - Added connection org.sqlite.jdbc4.JDBC4Connection@6d645cb6
2024-11-24T05:13:29.504-05:00  INFO 14200 --- [SysRegistroPolleria] [JavaFX-Launcher] com.zaxxer.hikari.HikariDataSource       : HikariPool-1 - Start completed.
2024-11-24T05:13:33.029-05:00  INFO 14200 --- [SysRegistroPolleria] [JavaFX-Launcher] o.h.e.t.j.p.i.JtaPlatformInitiator       : HHH000489: No JTA platform available (set 'hibernate.transaction.jta.platform' to enable JTA platform integration)
2024-11-24T05:13:33.116-05:00  INFO 14200 --- [SysRegistroPolleria] [JavaFX-Launcher] j.LocalContainerEntityManagerFactoryBean : Initialized JPA EntityManagerFactory for persistence unit 'default'
2024-11-24T05:13:33.863-05:00  INFO 14200 --- [SysRegistroPolleria] [JavaFX-Launcher] o.s.d.j.r.query.QueryEnhancerFactory     : Hibernate is in classpath; If applicable, HQL parser will be used.
2024-11-24T05:13:35.110-05:00  INFO 14200 --- [SysRegistroPolleria] [JavaFX-Launcher] o.s.boot.SpringApplication               : Started application in 13.718 seconds (process running for 17.489)
2024-11-24T05:14:54.038-05:00  INFO 14200 --- [SysRegistroPolleria] [SpringApplicationShutdownHook] j.LocalContainerEntityManagerFactoryBean : Closing JPA EntityManagerFactory for persistence unit 'default'
2024-11-24T05:14:54.042-05:00  INFO 14200 --- [SysRegistroPolleria] [SpringApplicationShutdownHook] com.zaxxer.hikari.HikariDataSource       : HikariPool-1 - Shutdown initiated...
2024-11-24T05:14:54.057-05:00  INFO 14200 --- [SysRegistroPolleria] [SpringApplicationShutdownHook] com.zaxxer.hikari.HikariDataSource       : HikariPool-1 - Shutdown completed.
2024-11-24T18:53:52.747-05:00  INFO 14568 --- [SysRegistroPolleria] [JavaFX-Launcher] o.s.boot.SpringApplication               : Starting application using Java 18.0.1.1 with PID 14568 (started by PC in D:\gihud\Trabajo\SysRegistroPolleria)
2024-11-24T18:53:52.781-05:00  INFO 14568 --- [SysRegistroPolleria] [JavaFX-Launcher] o.s.boot.SpringApplication               : No active profile set, falling back to 1 default profile: "default"
2024-11-24T18:53:55.725-05:00  INFO 14568 --- [SysRegistroPolleria] [JavaFX-Launcher] .s.d.r.c.RepositoryConfigurationDelegate : Bootstrapping Spring Data JPA repositories in DEFAULT mode.
2024-11-24T18:53:56.197-05:00  INFO 14568 --- [SysRegistroPolleria] [JavaFX-Launcher] .s.d.r.c.RepositoryConfigurationDelegate : Finished Spring Data repository scanning in 436 ms. Found 15 JPA repository interfaces.
2024-11-24T18:53:57.870-05:00  INFO 14568 --- [SysRegistroPolleria] [JavaFX-Launcher] o.hibernate.jpa.internal.util.LogHelper  : HHH000204: Processing PersistenceUnitInfo [name: default]
2024-11-24T18:53:58.241-05:00  INFO 14568 --- [SysRegistroPolleria] [JavaFX-Launcher] org.hibernate.Version                    : HHH000412: Hibernate ORM core version 6.5.3.Final
2024-11-24T18:53:58.328-05:00  INFO 14568 --- [SysRegistroPolleria] [JavaFX-Launcher] o.h.c.internal.RegionFactoryInitiator    : HHH000026: Second-level cache disabled
2024-11-24T18:53:59.481-05:00  INFO 14568 --- [SysRegistroPolleria] [JavaFX-Launcher] o.s.o.j.p.SpringPersistenceUnitInfo      : No LoadTimeWeaver setup: ignoring JPA class transformer
2024-11-24T18:53:59.568-05:00  INFO 14568 --- [SysRegistroPolleria] [JavaFX-Launcher] com.zaxxer.hikari.HikariDataSource       : HikariPool-1 - Starting...
2024-11-24T18:54:00.016-05:00  INFO 14568 --- [SysRegistroPolleria] [JavaFX-Launcher] com.zaxxer.hikari.pool.HikariPool        : HikariPool-1 - Added connection org.sqlite.jdbc4.JDBC4Connection@24fa6fbe
2024-11-24T18:54:00.025-05:00  INFO 14568 --- [SysRegistroPolleria] [JavaFX-Launcher] com.zaxxer.hikari.HikariDataSource       : HikariPool-1 - Start completed.
2024-11-24T18:54:05.927-05:00  INFO 14568 --- [SysRegistroPolleria] [JavaFX-Launcher] o.h.e.t.j.p.i.JtaPlatformInitiator       : HHH000489: No JTA platform available (set 'hibernate.transaction.jta.platform' to enable JTA platform integration)
2024-11-24T18:54:06.064-05:00  INFO 14568 --- [SysRegistroPolleria] [JavaFX-Launcher] j.LocalContainerEntityManagerFactoryBean : Initialized JPA EntityManagerFactory for persistence unit 'default'
2024-11-24T18:54:07.261-05:00  INFO 14568 --- [SysRegistroPolleria] [JavaFX-Launcher] o.s.d.j.r.query.QueryEnhancerFactory     : Hibernate is in classpath; If applicable, HQL parser will be used.
2024-11-24T18:54:09.250-05:00  INFO 14568 --- [SysRegistroPolleria] [JavaFX-Launcher] o.s.boot.SpringApplication               : Started application in 19.801 seconds (process running for 23.591)
2024-11-24T19:26:04.482-05:00  INFO 14568 --- [SysRegistroPolleria] [SpringApplicationShutdownHook] j.LocalContainerEntityManagerFactoryBean : Closing JPA EntityManagerFactory for persistence unit 'default'
2024-11-24T19:26:04.488-05:00  INFO 14568 --- [SysRegistroPolleria] [SpringApplicationShutdownHook] com.zaxxer.hikari.HikariDataSource       : HikariPool-1 - Shutdown initiated...
2024-11-24T19:26:04.505-05:00  INFO 14568 --- [SysRegistroPolleria] [SpringApplicationShutdownHook] com.zaxxer.hikari.HikariDataSource       : HikariPool-1 - Shutdown completed.
2024-11-24T19:27:17.749-05:00  INFO 6564 --- [SysRegistroPolleria] [JavaFX-Launcher] o.s.boot.SpringApplication               : Starting application using Java 18.0.1.1 with PID 6564 (started by PC in D:\gihud\Trabajo\SysRegistroPolleria)
2024-11-24T19:27:17.766-05:00  INFO 6564 --- [SysRegistroPolleria] [JavaFX-Launcher] o.s.boot.SpringApplication               : No active profile set, falling back to 1 default profile: "default"
2024-11-24T19:27:26.916-05:00  INFO 6564 --- [SysRegistroPolleria] [JavaFX-Launcher] .s.d.r.c.RepositoryConfigurationDelegate : Bootstrapping Spring Data JPA repositories in DEFAULT mode.
2024-11-24T19:27:28.321-05:00  INFO 6564 --- [SysRegistroPolleria] [JavaFX-Launcher] .s.d.r.c.RepositoryConfigurationDelegate : Finished Spring Data repository scanning in 1367 ms. Found 15 JPA repository interfaces.
2024-11-24T19:27:32.604-05:00  INFO 6564 --- [SysRegistroPolleria] [JavaFX-Launcher] o.hibernate.jpa.internal.util.LogHelper  : HHH000204: Processing PersistenceUnitInfo [name: default]
2024-11-24T19:27:33.223-05:00  INFO 6564 --- [SysRegistroPolleria] [JavaFX-Launcher] org.hibernate.Version                    : HHH000412: Hibernate ORM core version 6.5.3.Final
2024-11-24T19:27:33.553-05:00  INFO 6564 --- [SysRegistroPolleria] [JavaFX-Launcher] o.h.c.internal.RegionFactoryInitiator    : HHH000026: Second-level cache disabled
2024-11-24T19:27:37.970-05:00  INFO 6564 --- [SysRegistroPolleria] [JavaFX-Launcher] o.s.o.j.p.SpringPersistenceUnitInfo      : No LoadTimeWeaver setup: ignoring JPA class transformer
2024-11-24T19:27:38.283-05:00  INFO 6564 --- [SysRegistroPolleria] [JavaFX-Launcher] com.zaxxer.hikari.HikariDataSource       : HikariPool-1 - Starting...
2024-11-24T19:27:39.845-05:00  INFO 6564 --- [SysRegistroPolleria] [JavaFX-Launcher] com.zaxxer.hikari.pool.HikariPool        : HikariPool-1 - Added connection org.sqlite.jdbc4.JDBC4Connection@64ba6628
2024-11-24T19:27:39.851-05:00  INFO 6564 --- [SysRegistroPolleria] [JavaFX-Launcher] com.zaxxer.hikari.HikariDataSource       : HikariPool-1 - Start completed.
2024-11-24T19:27:54.204-05:00  INFO 6564 --- [SysRegistroPolleria] [JavaFX-Launcher] o.h.e.t.j.p.i.JtaPlatformInitiator       : HHH000489: No JTA platform available (set 'hibernate.transaction.jta.platform' to enable JTA platform integration)
2024-11-24T19:27:54.601-05:00  INFO 6564 --- [SysRegistroPolleria] [JavaFX-Launcher] j.LocalContainerEntityManagerFactoryBean : Initialized JPA EntityManagerFactory for persistence unit 'default'
2024-11-24T19:27:58.744-05:00  INFO 6564 --- [SysRegistroPolleria] [JavaFX-Launcher] o.s.d.j.r.query.QueryEnhancerFactory     : Hibernate is in classpath; If applicable, HQL parser will be used.
2024-11-24T19:28:03.960-05:00  INFO 6564 --- [SysRegistroPolleria] [JavaFX-Launcher] o.s.boot.SpringApplication               : Started application in 54.965 seconds (process running for 64.184)
2024-11-24T19:28:41.940-05:00  INFO 6564 --- [SysRegistroPolleria] [JavaFX Application Thread] j.LocalContainerEntityManagerFactoryBean : Closing JPA EntityManagerFactory for persistence unit 'default'
2024-11-24T19:28:41.950-05:00  INFO 6564 --- [SysRegistroPolleria] [JavaFX Application Thread] com.zaxxer.hikari.HikariDataSource       : HikariPool-1 - Shutdown initiated...
2024-11-24T19:28:42.041-05:00  INFO 6564 --- [SysRegistroPolleria] [JavaFX Application Thread] com.zaxxer.hikari.HikariDataSource       : HikariPool-1 - Shutdown completed.
